2023-03-03 13:07:33,712 DEBUG 生产管理系统 发送请求:<Response [200]> denglu.py test_dlxt
2023-03-03 13:09:44,068 INFO 运营大脑 发送请求:<Response [200]> denglu.py test_dlxt
2023-03-03 13:09:44,068 ERROR 运营大脑 发送请求:<Response [200]> denglu.py test_dlxt
2023-03-03 13:13:19,364 DEBUG 运营大脑 发送请求:<Response [200]> denglu.py test_dlxt
2023-03-03 13:30:29,172 DEBUG 运营大脑 发送请求:<Response [200]> denglu.py test_dlxt
2023-03-03 13:55:16,656 DEBUG 运营大脑 发送请求:<Response [200]> denglu.py test_dlxt
2023-03-03 13:55:16,868 DEBUG 运营大脑 发送请求:<Response [200]> denglu.py test_dlxt
2023-03-03 13:55:29,494 DEBUG 运营大脑 发送请求:<Response [200]> denglu.py test_dlxt
2023-03-03 13:55:47,356 DEBUG 运营大脑 发送请求:<Response [200]> denglu.py test_dlxt
2023-03-03 15:55:37,211 DEBUG 运营大脑 发送请求:<Response [200]> denglu.py test_dlxt
2023-03-03 15:56:01,856 DEBUG 运营大脑 发送请求:<Response [200]> denglu.py test_dlxt
2023-03-03 15:56:10,014 DEBUG 运营大脑 发送请求:<Response [200]> denglu.py test_dlxt
2023-03-03 16:01:20,779 DEBUG 运营大脑 发送请求:<Response [200]> denglu.py test_dlxt
2023-03-03 16:01:59,443 DEBUG 运营大脑 发送请求:<Response [200]> denglu.py test_dlxt
2023-03-03 16:02:54,298 DEBUG

 运营大脑 发送请求:<Response [200]> denglu.py test_dlxt
2023-03-03 16:12:13,892 DEBUG 运营大脑 发送请求:<Response [200]> denglu.py test_dlxt
2023-03-03 16:12:14,131 DEBUG 运营大脑 发送请求:<Response [200]> test_yfhz.py test_kp
2023-03-03 16:12:47,872 DEBUG 运营大脑 发送请求:<Response [200]> denglu.py test_dlxt
2023-03-03 16:12:48,100 DEBUG 运营大脑 发送请求:<Response [200]> test_yfhz.py test_kp
2023-03-03 16:13:40,277 DEBUG 运营大脑 发送请求:<Response [200]> denglu.py test_dlxt
2023-03-03 16:13:40,496 DEBUG 运营大脑 发送请求:<Response [200]> test_yfhz.py test_kp
2023-03-03 16:19:04,213 DEBUG 运营大脑 发送请求:<Response [200]> denglu.py test_dlxt
2023-03-03 16:19:04,484 DEBUG 运营大脑 发送请求:<Response [200]> test_yfhz.py test_kp
2023-03-03 17:59:22,650 DEBUG 运营大脑 发送请求:<Response [200]> denglu.py test_dlxt
2023-03-03 17:59:22,884 DEBUG 运营大脑 发送请求:<Response [200]> test_yfhz.py test_kp
2023-03-03 18:10:02,840 DEBUG 运营大脑 发送请求:<Response [200]> denglu.py test_dlxt
2023-03-03 18:10:03,082 DEBUG 运营大脑 发送请求:<Response [200]> test_yfhz.py test_kp
2023-03-03 18:11:44,266 DEBUG 运营大脑 发送请求:<Response [200]> denglu.py test_dlxt
2023-03-03 18:11:44,649 DEBUG 运营大脑 发送请求:<Response [200]> test_yfhz.py test_kp
2023-03-03 18:12:47,964 DEBUG 运营大脑 发送请求:<Response [200]> denglu.py test_dlxt
2023-03-03 18:12:48,185 DEBUG 运营大脑 发送请求:<Response [200]> test_yfhz.py test_kp
2023-03-03 18:12:57,810 DEBUG 运营大脑 发送请求:<Response [200]> denglu.py test_dlxt
2023-03-03 18:12:58,039 DEBUG 运营大脑 发送请求:<Response [200]> test_yfhz.py test_kp
2023-03-03 18:22:48,096 DEBUG 运营大脑 发送请求:<Response [200]> denglu.py test_dlxt
2023-03-03 18:22:48,327 DEBUG 运营大脑 发送请求:<Response [200]> test_yfhz.py test_kp
2023-03-03 18:22:48,405 DEBUG 运营大脑 发送请求:<Response [200]> test_yfhz.py test_xgkp
2023-03-03 18:23:56,946 DEBUG 运营大脑 发送请求:<Response [200]> denglu.py test_dlxt
2023-03-03 18:23:57,216 DEBUG 运营大脑 发送请求:<Response [200]> test_yfhz.py test_kp
2023-03-03 18:24:08,908 DEBUG 运营大脑 发送请求:<Response [200]> denglu.py test_dlxt
2023-03-03 18:24:09,132 DEBUG 运营大脑 发送请求:<Response [200]> test_yfhz.py test_kp
2023-03-03 18:24:23,433 DEBUG 运营大脑 发送请求:<Response [200]> denglu.py test_dlxt
2023-03-03 18:24:23,509 DEBUG 运营大脑 发送请求:<Response [200]> test_yfhz.py test_xgkp
2023-03-03 18:26:37,456 DEBUG 运营大脑 发送请求:<Response [200]> denglu.py test_dlxt
2023-03-03 18:26:37,536 DEBUG 运营大脑 发送请求:<Response [200]> test_yfhz.py test_xgkp
2023-03-03 18:27:17,013 DEBUG 运营大脑 发送请求:<Response [200]> denglu.py test_dlxt
2023-03-03 18:27:17,236 DEBUG 运营大脑 发送请求:<Response [200]> test_yfhz.py test_kp
2023-03-03 18:27:17,500 DEBUG 运营大脑 发送请求:<Response [200]> test_yfhz.py test_xgkp
2023-03-03 18:31:01,977 DEBUG 运营大脑 发送请求:<Response [200]> denglu.py test_dlxt
2023-03-03 18:31:02,203 DEBUG 运营大脑 发送请求:<Response [200]> test_yfhz.py test_kp
2023-03-03 18:31:02,458 DEBUG 运营大脑 发送请求:<Response [200]> test_yfhz.py test_xgkp
2023-03-03 18:31:02,634 DEBUG 运营大脑 发送请求:<Response [200]> test_yfhz.py test_scfp
2023-03-03 18:33:36,411 DEBUG 运营大脑 发送请求:<Response [200]> denglu.py test_dlxt
2023-03-03 18:33:36,627 DEBUG 运营大脑 发送请求:<Response [200]> test_yfhz.py test_kp
2023-03-03 18:33:36,884 DEBUG 运营大脑 发送请求:<Response [200]> test_yfhz.py test_xgkp
2023-03-03 18:33:37,049 DEBUG 运营大脑 发送请求:<Response [200]> test_yfhz.py test_scfp
2023-03-03 18:34:46,271 DEBUG 运营大脑 发送请求:<Response [200]> denglu.py test_dlxt
2023-03-03 18:34:46,494 DEBUG 运营大脑 发送请求:<Response [200]> test_yfhz.py test_kp
2023-03-03 18:34:46,744 DEBUG 运营大脑 发送请求:<Response [200]> test_yfhz.py test_xgkp
2023-03-03 18:34:46,913 DEBUG 运营大脑 发送请求:<Response [200]> test_yfhz.py test_scfp
2023-03-03 18:36:47,928 DEBUG 运营大脑 发送请求:<Response [200]> denglu.py test_dlxt
2023-03-03 18:36:48,150 DEBUG 运营大脑 发送请求:<Response [200]> test_yfhz.py test_kp
2023-03-03 18:36:48,406 DEBUG 运营大脑 发送请求:<Response [200]> test_yfhz.py test_xgkp
2023-03-03 18:36:48,580 DEBUG 运营大脑 发送请求:<Response [200]> test_yfhz.py test_scfp
2023-03-03 18:39:28,487 DEBUG 运营大脑 发送请求:<Response [200]> denglu.py test_dlxt
2023-03-03 18:39:28,845 DEBUG 运营大脑 发送请求:<Response [200]> test_yfhz.py test_kp
2023-03-03 18:39:29,021 DEBUG 运营大脑 发送请求:<Response [200]> test_yfhz.py test_xgkp
2023-03-03 18:39:29,154 DEBUG 运营大脑 发送请求:<Response [200]> test_yfhz.py test_scfp
