2023-03-06 16:22:25,357 DEBUG 运营大脑 发送请求:<Response [200]> denglu.py test_dlxt
2023-03-06 16:22:25,508 DEBUG 运营大脑 发送请求:<Response [200]> test_yfhz.py test_kp
2023-03-06 16:22:25,678 DEBUG 运营大脑 发送请求:<Response [200]> test_yfhz.py test_xgkp
2023-03-06 16:22:25,833 DEBUG 运营大脑 发送请求:<Response [200]> test_yfhz.py test_scfp
2023-03-06 16:22:26,002 DEBUG 运营大脑 发送请求:<Response [200]> test_yfhz.py test_fk
2023-03-06 16:22:26,165 DEBUG 运营大脑 发送请求:<Response [200]> test_yfhz.py test_xgfk
2023-03-06 16:22:26,294 DEBUG 运营大脑 发送请求:<Response [200]> test_yfhz.py test_scfk
2023-03-06 16:22:26,463 DEBUG 运营大脑 发送请求:<Response [200]> test_yfhz.py test_zk
2023-03-06 16:22:26,632 DEBUG 运营大脑 发送请求:<Response [200]> test_yfhz.py test_xgzk
2023-03-06 16:22:26,792 DEBUG 运营大脑 发送请求:<Response [200]> test_yfhz.py test_sczk
2023-03-06 16:22:27,011 DEBUG 运营大脑 发送请求:<Response [200]> test_yfhz.py test_zz
2023-03-06 16:22:27,165 DEBUG 运营大脑 发送请求:<Response [200]> test_yfhz.py test_xgzz
2023-03-06 16:22:27,306 DEBUG 运营大脑 发送请求:<Response [200]> test_yfhz.py test_sczz
2023-03-06 16:22:27,450 DEBUG 运营大脑 发送请求:<Response [200]> test_yfhz.py test_ws
2023-03-06 16:22:27,612 DEBUG 运营大脑 发送请求:<Response [200]> test_yfhz.py test_xgws
2023-03-06 16:22:27,741 DEBUG 运营大脑 发送请求:<Response [200]> test_yfhz.py test_scws
2023-03-06 16:22:27,881 DEBUG 运营大脑 发送请求:<Response [200]> test_yfhz.py test_yfk
2023-03-06 16:47:16,089 DEBUG 运营大脑 发送请求:<Response [200]> denglu.py test_dlxt
2023-03-06 16:47:16,259 DEBUG 运营大脑 发送请求:<Response [200]> test_yfhz.py test_kp
2023-03-06 16:47:16,507 DEBUG 运营大脑 发送请求:<Response [200]> test_yfhz.py test_xgkp
2023-03-06 16:47:16,664 DEBUG 运营大脑 发送请求:<Response [200]> test_yfhz.py test_scfp
2023-03-06 16:47:16,889 DEBUG 运营大脑 发送请求:<Response [200]> test_yfhz.py test_fk
2023-03-06 16:47:17,051 DEBUG 运营大脑 发送请求:<Response [200]> test_yfhz.py test_xgfk
2023-03-06 16:47:17,177 DEBUG 运营大脑 发送请求:<Response [200]> test_yfhz.py test_scfk
2023-03-06 16:47:17,335 DEBUG 运营大脑 发送请求:<Response [200]> test_yfhz.py test_zk
2023-03-06 16:47:17,487 DEBUG 运营大脑 发送请求:<Response [200]> test_yfhz.py test_xgzk
2023-03-06 16:47:17,628 DEBUG 运营大脑 发送请求:<Response [200]> test_yfhz.py test_sczk
2023-03-06 16:47:17,821 DEBUG 运营大脑 发送请求:<Response [200]> test_yfhz.py test_zz
2023-03-06 16:47:18,028 DEBUG 运营大脑 发送请求:<Response [200]> test_yfhz.py test_xgzz
2023-03-06 16:47:18,190 DEBUG 运营大脑 发送请求:<Response [200]> test_yfhz.py test_sczz
2023-03-06 16:47:18,374 DEBUG 运营大脑 发送请求:<Response [200]> test_yfhz.py test_ws
2023-03-06 16:47:18,526 DEBUG 运营大脑 发送请求:<Response [200]> test_yfhz.py test_xgws
2023-03-06 16:47:18,667 DEBUG 运营大脑 发送请求:<Response [200]> test_yfhz.py test_scws
2023-03-06 16:47:18,872 DEBUG 运营大脑 发送请求:<Response [200]> test_yfhz.py test_yfk
2023-03-06 17:08:36,558 DEBUG 运营大脑 发送请求:<Response [200]> denglu.py test_dlxt
2023-03-06 17:08:36,718 DEBUG 运营大脑 发送请求:<Response [200]> test_yfhz.py test_kp
2023-03-06 17:08:36,888 DEBUG 运营大脑 发送请求:<Response [200]> test_yfhz.py test_xgkp
2023-03-06 17:08:37,039 DEBUG 运营大脑 发送请求:<Response [200]> test_yfhz.py test_scfp
2023-03-06 17:08:37,325 DEBUG 运营大脑 发送请求:<Response [200]> test_yfhz.py test_fk
2023-03-06 17:08:37,487 DEBUG 运营大脑 发送请求:<Response [200]> test_yfhz.py test_xgfk
2023-03-06 17:08:37,618 DEBUG 运营大脑 发送请求:<Response [200]> test_yfhz.py test_scfk
2023-03-06 17:08:37,771 DEBUG 运营大脑 发送请求:<Response [200]> test_yfhz.py test_zk
2023-03-06 17:08:37,947 DEBUG 运营大脑 发送请求:<Response [200]> test_yfhz.py test_xgzk
2023-03-06 17:08:38,076 DEBUG 运营大脑 发送请求:<Response [200]> test_yfhz.py test_sczk
2023-03-06 17:08:38,249 DEBUG 运营大脑 发送请求:<Response [200]> test_yfhz.py test_zz
2023-03-06 17:08:38,394 DEBUG 运营大脑 发送请求:<Response [200]> test_yfhz.py test_xgzz
2023-03-06 17:08:38,548 DEBUG 运营大脑 发送请求:<Response [200]> test_yfhz.py test_sczz
2023-03-06 17:08:38,714 DEBUG 运营大脑 发送请求:<Response [200]> test_yfhz.py test_ws
2023-03-06 17:08:38,852 DEBUG 运营大脑 发送请求:<Response [200]> test_yfhz.py test_xgws
2023-03-06 17:08:38,988 DEBUG 运营大脑 发送请求:<Response [200]> test_yfhz.py test_scws
2023-03-06 17:08:39,139 DEBUG 运营大脑 发送请求:<Response [200]> test_yfhz.py test_yfk
2023-03-06 17:13:37,705 DEBUG 运营大脑 发送请求:<Response [200]> denglu.py test_dlxt
2023-03-06 17:13:37,895 DEBUG 运营大脑 发送请求:<Response [200]> test_yfhz.py test_kp
2023-03-06 17:13:38,087 DEBUG 运营大脑 发送请求:<Response [200]> test_yfhz.py test_xgkp
2023-03-06 17:13:38,262 DEBUG 运营大脑 发送请求:<Response [200]> test_yfhz.py test_scfp
2023-03-06 17:13:38,498 DEBUG 运营大脑 发送请求:<Response [200]> test_yfhz.py test_fk
2023-03-06 17:13:38,705 DEBUG 运营大脑 发送请求:<Response [200]> test_yfhz.py test_xgfk
2023-03-06 17:13:38,853 DEBUG 运营大脑 发送请求:<Response [200]> test_yfhz.py test_scfk
2023-03-06 17:13:39,064 DEBUG 运营大脑 发送请求:<Response [200]> test_yfhz.py test_zk
2023-03-06 17:13:39,254 DEBUG 运营大脑 发送请求:<Response [200]> test_yfhz.py test_xgzk
2023-03-06 17:13:39,433 DEBUG 运营大脑 发送请求:<Response [200]> test_yfhz.py test_sczk
2023-03-06 17:13:39,623 DEBUG 运营大脑 发送请求:<Response [200]> test_yfhz.py test_zz
2023-03-06 17:13:39,813 DEBUG 运营大脑 发送请求:<Response [200]> test_yfhz.py test_xgzz
2023-03-06 17:13:39,986 DEBUG 运营大脑 发送请求:<Response [200]> test_yfhz.py test_sczz
2023-03-06 17:13:40,181 DEBUG 运营大脑 发送请求:<Response [200]> test_yfhz.py test_ws
2023-03-06 17:13:40,350 DEBUG 运营大脑 发送请求:<Response [200]> test_yfhz.py test_xgws
2023-03-06 17:13:40,526 DEBUG 运营大脑 发送请求:<Response [200]> test_yfhz.py test_scws
2023-03-06 17:13:40,688 DEBUG 运营大脑 发送请求:<Response [200]> test_yfhz.py test_yfk
2023-03-06 17:46:12,702 INFO 运营大脑 发送请求:<Response [200]> denglu.py test_dlxt
2023-03-06 17:51:48,276 ERROR 运营大脑 1 denglu.py test_dlxt
2023-03-06 17:51:48,276 ERROR 运营大脑 1 denglu.py test_dlxt
2023-03-06 17:53:14,245 DEBUG 运营大脑 发送请求:<Response [200]> denglu.py test_dlxt
2023-03-06 17:57:47,979 DEBUG 运营大脑 发送请求:<Response [200]> denglu.py test_dlxt
2023-03-06 17:58:36,421 DEBUG 运营大脑 发送请求:<Response [200]> denglu.py test_dlxt
