2023-03-09 09:04:13,238 DEBUG 运营大脑 发送请求:<Response [200]> denglu.py test_dlxt
2023-03-09 09:06:01,235 DEBUG 运营大脑 发送请求:<Response [200]> denglu.py test_dlxt
2023-03-09 10:05:12,879 DEBUG 运营大脑 发送请求:<Response [200]> denglu.py test_dlxt
2023-03-09 12:58:39,331 DEBUG 运营大脑 发送请求:<Response [200]> denglu.py test_dlxt
2023-03-09 12:59:23,062 DEBUG 运营大脑 发送请求:<Response [200]> denglu.py test_dlxt
2023-03-09 12:59:23,274 DEBUG 运营大脑 发送请求:<Response [200]> test_yfhz.py test_kp
2023-03-09 12:59:23,522 DEBUG 运营大脑 发送请求:<Response [200]> test_yfhz.py test_xgkp
2023-03-09 12:59:23,634 DEBUG 运营大脑 发送请求:<Response [200]> test_yfhz.py test_scfp
2023-03-09 12:59:23,833 DEBUG 运营大脑 发送请求:<Response [200]> test_yfhz.py test_fk
2023-03-09 12:59:23,964 DEBUG 运营大脑 发送请求:<Response [200]> test_yfhz.py test_xgfk
2023-03-09 12:59:24,079 DEBUG 运营大脑 发送请求:<Response [200]> test_yfhz.py test_scfk
2023-03-09 12:59:24,400 DEBUG 运营大脑 发送请求:<Response [200]> test_yfhz.py test_xgzk
2023-03-09 12:59:24,511 DEBUG 运营大脑 发送请求:<Response [200]> test_yfhz.py test_sczk
2023-03-09 12:59:24,832 DEBUG 运营大脑 发送请求:<Response [200]> test_yfhz.py test_xgzz
2023-03-09 12:59:24,944 DEBUG 运营大脑 发送请求:<Response [200]> test_yfhz.py test_sczz
2023-03-09 12:59:25,288 DEBUG 运营大脑 发送请求:<Response [200]> test_yfhz.py test_xgws
2023-03-09 12:59:25,392 DEBUG 运营大脑 发送请求:<Response [200]> test_yfhz.py test_scws
2023-03-09 12:59:25,579 DEBUG 运营大脑 发送请求:<Response [200]> test_yfhz.py test_yfk
2023-03-09 12:59:47,670 DEBUG 运营大脑 发送请求:<Response [200]> denglu.py test_dlxt
2023-03-09 12:59:47,807 DEBUG 运营大脑 发送请求:<Response [200]> test_yfhz.py test_kp
2023-03-09 12:59:48,040 DEBUG 运营大脑 发送请求:<Response [200]> test_yfhz.py test_xgkp
2023-03-09 12:59:48,143 DEBUG 运营大脑 发送请求:<Response [200]> test_yfhz.py test_scfp
2023-03-09 12:59:48,335 DEBUG 运营大脑 发送请求:<Response [200]> test_yfhz.py test_fk
2023-03-09 12:59:48,480 DEBUG 运营大脑 发送请求:<Response [200]> test_yfhz.py test_xgfk
2023-03-09 12:59:48,590 DEBUG 运营大脑 发送请求:<Response [200]> test_yfhz.py test_scfk
2023-03-09 12:59:48,915 DEBUG 运营大脑 发送请求:<Response [200]> test_yfhz.py test_xgzk
2023-03-09 12:59:49,028 DEBUG 运营大脑 发送请求:<Response [200]> test_yfhz.py test_sczk
2023-03-09 12:59:49,363 DEBUG 运营大脑 发送请求:<Response [200]> test_yfhz.py test_xgzz
2023-03-09 12:59:49,478 DEBUG 运营大脑 发送请求:<Response [200]> test_yfhz.py test_sczz
2023-03-09 12:59:49,818 DEBUG 运营大脑 发送请求:<Response [200]> test_yfhz.py test_xgws
2023-03-09 12:59:49,929 DEBUG 运营大脑 发送请求:<Response [200]> test_yfhz.py test_scws
2023-03-09 12:59:50,134 DEBUG 运营大脑 发送请求:<Response [200]> test_yfhz.py test_yfk
2023-03-09 13:00:52,698 DEBUG 运营大脑 发送请求:<Response [200]> denglu.py test_dlxt
2023-03-09 13:00:52,886 DEBUG 运营大脑 发送请求:<Response [200]> test_yfhz.py test_kp
2023-03-09 13:00:53,133 DEBUG 运营大脑 发送请求:<Response [200]> test_yfhz.py test_xgkp
2023-03-09 13:00:53,332 DEBUG 运营大脑 发送请求:<Response [200]> test_yfhz.py test_scfp
2023-03-09 13:00:53,484 DEBUG 运营大脑 发送请求:<Response [200]> test_yfhz.py test_fk
2023-03-09 13:00:53,734 DEBUG 运营大脑 发送请求:<Response [200]> test_yfhz.py test_xgfk
2023-03-09 13:00:53,845 DEBUG 运营大脑 发送请求:<Response [200]> test_yfhz.py test_scfk
2023-03-09 13:00:54,205 DEBUG 运营大脑 发送请求:<Response [200]> test_yfhz.py test_xgzk
2023-03-09 13:00:54,310 DEBUG 运营大脑 发送请求:<Response [200]> test_yfhz.py test_sczk
2023-03-09 13:00:54,667 DEBUG 运营大脑 发送请求:<Response [200]> test_yfhz.py test_xgzz
2023-03-09 13:00:54,776 DEBUG 运营大脑 发送请求:<Response [200]> test_yfhz.py test_sczz
2023-03-09 13:00:55,000 DEBUG 运营大脑 发送请求:<Response [200]> test_yfhz.py test_ws
2023-03-09 13:00:55,165 DEBUG 运营大脑 发送请求:<Response [200]> test_yfhz.py test_xgws
2023-03-09 13:00:55,304 DEBUG 运营大脑 发送请求:<Response [200]> test_yfhz.py test_scws
2023-03-09 13:00:55,462 DEBUG 运营大脑 发送请求:<Response [200]> test_yfhz.py test_yfk
2023-03-09 13:02:02,302 DEBUG 运营大脑 发送请求:<Response [200]> denglu.py test_dlxt
2023-03-09 13:02:02,553 DEBUG 运营大脑 发送请求:<Response [200]> test_yfhz.py test_kp
2023-03-09 13:02:02,815 DEBUG 运营大脑 发送请求:<Response [200]> test_yfhz.py test_xgkp
2023-03-09 13:02:03,033 DEBUG 运营大脑 发送请求:<Response [200]> test_yfhz.py test_scfp
2023-03-09 13:02:03,263 DEBUG 运营大脑 发送请求:<Response [200]> test_yfhz.py test_fk
2023-03-09 13:02:03,512 DEBUG 运营大脑 发送请求:<Response [200]> test_yfhz.py test_xgfk
2023-03-09 13:02:03,700 DEBUG 运营大脑 发送请求:<Response [200]> test_yfhz.py test_scfk
2023-03-09 13:02:03,959 DEBUG 运营大脑 发送请求:<Response [200]> test_yfhz.py test_zk
2023-03-09 13:02:04,162 DEBUG 运营大脑 发送请求:<Response [200]> test_yfhz.py test_xgzk
2023-03-09 13:02:04,318 DEBUG 运营大脑 发送请求:<Response [200]> test_yfhz.py test_sczk
2023-03-09 13:02:04,563 DEBUG 运营大脑 发送请求:<Response [200]> test_yfhz.py test_zz
2023-03-09 13:02:04,761 DEBUG 运营大脑 发送请求:<Response [200]> test_yfhz.py test_xgzz
2023-03-09 13:02:05,142 DEBUG 运营大脑 发送请求:<Response [200]> test_yfhz.py test_sczz
2023-03-09 13:02:05,351 DEBUG 运营大脑 发送请求:<Response [200]> test_yfhz.py test_ws
2023-03-09 13:02:05,530 DEBUG 运营大脑 发送请求:<Response [200]> test_yfhz.py test_xgws
2023-03-09 13:02:05,698 DEBUG 运营大脑 发送请求:<Response [200]> test_yfhz.py test_scws
2023-03-09 13:02:05,856 DEBUG 运营大脑 发送请求:<Response [200]> test_yfhz.py test_yfk
2023-03-09 17:53:20,311 DEBUG 运营大脑 发送请求:<Response [200]> denglu.py test_dlxt
2023-03-09 17:53:20,492 DEBUG 运营大脑 发送请求:<Response [200]> demo3.py test_kp
2023-03-09 17:53:20,726 DEBUG 运营大脑 发送请求:<Response [200]> demo3.py test_xgkp
2023-03-09 17:53:20,920 DEBUG 运营大脑 发送请求:<Response [200]> demo3.py test_scfp
2023-03-09 17:53:21,111 DEBUG 运营大脑 发送请求:<Response [200]> demo3.py test_fk
2023-03-09 17:53:21,318 DEBUG 运营大脑 发送请求:<Response [200]> demo3.py test_xgfk
2023-03-09 17:54:30,435 DEBUG 运营大脑 发送请求:<Response [200]> denglu.py test_dlxt
2023-03-09 17:54:30,643 DEBUG 运营大脑 发送请求:<Response [200]> demo3.py test_kp
2023-03-09 17:54:30,863 DEBUG 运营大脑 发送请求:<Response [200]> demo3.py test_xgkp
2023-03-09 17:54:31,045 DEBUG 运营大脑 发送请求:<Response [200]> demo3.py test_scfp
2023-03-09 17:54:31,226 DEBUG 运营大脑 发送请求:<Response [200]> demo3.py test_fk
2023-03-09 17:54:31,427 DEBUG 运营大脑 发送请求:<Response [200]> demo3.py test_xgfk
2023-03-09 17:56:37,860 DEBUG 运营大脑 发送请求:<Response [200]> denglu.py test_dlxt
2023-03-09 17:56:38,033 DEBUG 运营大脑 发送请求:<Response [200]> demo3.py test_kp
2023-03-09 17:56:38,227 DEBUG 运营大脑 发送请求:<Response [200]> demo3.py test_xgkp
2023-03-09 17:56:38,411 DEBUG 运营大脑 发送请求:<Response [200]> demo3.py test_scfp
2023-03-09 17:56:38,588 DEBUG 运营大脑 发送请求:<Response [200]> demo3.py test_fk
2023-03-09 17:56:38,775 DEBUG 运营大脑 发送请求:<Response [200]> demo3.py test_xgfk
2023-03-09 17:56:38,906 DEBUG 运营大脑 发送请求:<Response [200]> demo3.py test_scfk
