2023-03-10 10:31:45,268 DEBUG 运营大脑 发送请求:<Response [200]> denglu.py test_dlxt
2023-03-10 10:31:45,470 DEBUG 运营大脑 发送请求:<Response [200]> test_yfhz.py test_kp
2023-03-10 10:31:45,675 DEBUG 运营大脑 发送请求:<Response [200]> test_yfhz.py test_xgkp
2023-03-10 10:31:45,878 DEBUG 运营大脑 发送请求:<Response [200]> test_yfhz.py test_scfp
2023-03-10 10:31:46,069 DEBUG 运营大脑 发送请求:<Response [200]> test_yfhz.py test_fk
2023-03-10 10:31:46,269 DEBUG 运营大脑 发送请求:<Response [200]> test_yfhz.py test_xgfk
2023-03-10 10:31:46,409 DEBUG 运营大脑 发送请求:<Response [200]> test_yfhz.py test_scfk
2023-03-10 10:31:46,593 DEBUG 运营大脑 发送请求:<Response [200]> test_yfhz.py test_zk
2023-03-10 10:31:46,761 DEBUG 运营大脑 发送请求:<Response [200]> test_yfhz.py test_xgzk
2023-03-10 10:31:46,907 DEBUG 运营大脑 发送请求:<Response [200]> test_yfhz.py test_sczk
2023-03-10 10:31:47,093 DEBUG 运营大脑 发送请求:<Response [200]> test_yfhz.py test_zz
2023-03-10 10:31:47,273 DEBUG 运营大脑 发送请求:<Response [200]> test_yfhz.py test_xgzz
2023-03-10 10:31:47,450 DEBUG 运营大脑 发送请求:<Response [200]> test_yfhz.py test_sczz
2023-03-10 10:31:47,618 DEBUG 运营大脑 发送请求:<Response [200]> test_yfhz.py test_ws
2023-03-10 10:31:47,768 DEBUG 运营大脑 发送请求:<Response [200]> test_yfhz.py test_xgws
2023-03-10 10:31:47,934 DEBUG 运营大脑 发送请求:<Response [200]> test_yfhz.py test_scws
2023-03-10 10:31:48,069 DEBUG 运营大脑 发送请求:<Response [200]> test_yfhz.py test_yfk
2023-03-10 10:38:19,144 DEBUG 运营大脑 发送请求:<Response [200]> denglu.py test_dlxt
2023-03-10 10:38:19,430 DEBUG 运营大脑 发送请求:<Response [200]> test_yfhz.py test_kp
2023-03-10 10:38:19,657 DEBUG 运营大脑 发送请求:<Response [200]> test_yfhz.py test_xgkp
2023-03-10 10:38:19,851 DEBUG 运营大脑 发送请求:<Response [200]> test_yfhz.py test_scfp
2023-03-10 10:38:20,039 DEBUG 运营大脑 发送请求:<Response [200]> test_yfhz.py test_fk
2023-03-10 10:38:20,229 DEBUG 运营大脑 发送请求:<Response [200]> test_yfhz.py test_xgfk
2023-03-10 10:38:20,383 DEBUG 运营大脑 发送请求:<Response [200]> test_yfhz.py test_scfk
2023-03-10 10:38:20,563 DEBUG 运营大脑 发送请求:<Response [200]> test_yfhz.py test_zk
2023-03-10 10:38:20,738 DEBUG 运营大脑 发送请求:<Response [200]> test_yfhz.py test_xgzk
2023-03-10 10:38:20,880 DEBUG 运营大脑 发送请求:<Response [200]> test_yfhz.py test_sczk
2023-03-10 10:38:21,064 DEBUG 运营大脑 发送请求:<Response [200]> test_yfhz.py test_zz
2023-03-10 10:38:21,245 DEBUG 运营大脑 发送请求:<Response [200]> test_yfhz.py test_xgzz
2023-03-10 10:38:21,412 DEBUG 运营大脑 发送请求:<Response [200]> test_yfhz.py test_sczz
2023-03-10 10:38:21,573 DEBUG 运营大脑 发送请求:<Response [200]> test_yfhz.py test_ws
2023-03-10 10:38:21,731 DEBUG 运营大脑 发送请求:<Response [200]> test_yfhz.py test_xgws
2023-03-10 10:38:21,863 DEBUG 运营大脑 发送请求:<Response [200]> test_yfhz.py test_scws
2023-03-10 10:38:22,013 DEBUG 运营大脑 发送请求:<Response [200]> test_yfhz.py test_yfk
2023-03-10 10:43:01,664 DEBUG 运营大脑 发送请求:<Response [200]> denglu.py test_dlxt
2023-03-10 10:43:01,838 DEBUG 运营大脑 发送请求:<Response [200]> test_yfhz.py test_fk
2023-03-10 10:43:02,032 DEBUG 运营大脑 发送请求:<Response [200]> test_yfhz.py test_xgfk
2023-03-10 10:43:02,167 DEBUG 运营大脑 发送请求:<Response [200]> test_yfhz.py test_scfk
2023-03-10 10:43:02,344 DEBUG 运营大脑 发送请求:<Response [200]> test_yfhz.py test_zk
2023-03-10 10:43:02,496 DEBUG 运营大脑 发送请求:<Response [200]> test_yfhz.py test_xgzk
2023-03-10 10:43:02,637 DEBUG 运营大脑 发送请求:<Response [200]> test_yfhz.py test_sczk
2023-03-10 10:43:02,824 DEBUG 运营大脑 发送请求:<Response [200]> test_yfhz.py test_zz
2023-03-10 10:43:02,999 DEBUG 运营大脑 发送请求:<Response [200]> test_yfhz.py test_xgzz
2023-03-10 10:43:03,151 DEBUG 运营大脑 发送请求:<Response [200]> test_yfhz.py test_sczz
2023-03-10 10:43:03,325 DEBUG 运营大脑 发送请求:<Response [200]> test_yfhz.py test_ws
2023-03-10 10:43:03,477 DEBUG 运营大脑 发送请求:<Response [200]> test_yfhz.py test_xgws
2023-03-10 10:43:03,614 DEBUG 运营大脑 发送请求:<Response [200]> test_yfhz.py test_scws
2023-03-10 10:43:03,774 DEBUG 运营大脑 发送请求:<Response [200]> test_yfhz.py test_yfk
2023-03-10 10:50:51,708 DEBUG 运营大脑 发送请求:<Response [200]> denglu.py test_dlxt
2023-03-10 10:55:11,795 DEBUG 运营大脑 发送请求:<Response [200]> denglu.py test_dlxt
2023-03-10 10:59:41,396 DEBUG 运营大脑 发送请求:<Response [200]> denglu.py test_dlxt
2023-03-10 11:00:07,245 DEBUG 运营大脑 发送请求:<Response [200]> denglu.py test_dlxt
2023-03-10 11:00:12,588 DEBUG 运营大脑 发送请求:<Response [200]> denglu.py test_dlxt
2023-03-10 11:00:48,005 DEBUG 运营大脑 发送请求:<Response [200]> denglu.py test_dlxt
2023-03-10 11:01:20,333 DEBUG 运营大脑 发送请求:<Response [200]> denglu.py test_dlxt
2023-03-10 11:01:20,500 DEBUG 运营大脑 发送请求:<Response [200]> demo3.py test_sqkp
2023-03-10 11:02:14,626 DEBUG 运营大脑 发送请求:<Response [200]> denglu.py test_dlxt
2023-03-10 11:02:22,235 DEBUG 运营大脑 发送请求:<Response [200]> denglu.py test_dlxt
2023-03-10 11:02:22,479 DEBUG 运营大脑 发送请求:<Response [200]> demo3.py test_sqkp
2023-03-10 11:02:22,709 DEBUG 运营大脑 发送请求:<Response [200]> demo3.py test_xgkp
2023-03-10 11:03:16,576 DEBUG 运营大脑 发送请求:<Response [200]> denglu.py test_dlxt
2023-03-10 11:04:27,877 DEBUG 运营大脑 发送请求:<Response [200]> denglu.py test_dlxt
2023-03-10 11:04:28,037 DEBUG 运营大脑 发送请求:<Response [200]> demo3.py test_sqkp
2023-03-10 11:04:28,229 DEBUG 运营大脑 发送请求:<Response [200]> demo3.py test_xgkp
2023-03-10 11:04:28,415 DEBUG 运营大脑 发送请求:<Response [200]> demo3.py test_scfp
2023-03-10 11:05:08,855 DEBUG 运营大脑 发送请求:<Response [200]> denglu.py test_dlxt
2023-03-10 11:05:26,638 DEBUG 运营大脑 发送请求:<Response [200]> denglu.py test_dlxt
2023-03-10 11:12:19,877 DEBUG 运营大脑 发送请求:<Response [200]> denglu.py test_dlxt
2023-03-10 11:12:20,058 DEBUG 运营大脑 发送请求:<Response [200]> demo3.py test_kp
2023-03-10 11:12:20,259 DEBUG 运营大脑 发送请求:<Response [200]> demo3.py test_xgkp
2023-03-10 11:12:20,460 DEBUG 运营大脑 发送请求:<Response [200]> demo3.py test_scfp
2023-03-10 11:12:20,677 DEBUG 运营大脑 发送请求:<Response [200]> demo3.py test_fk
2023-03-10 11:12:20,880 DEBUG 运营大脑 发送请求:<Response [200]> demo3.py test_xgfk
2023-03-10 11:12:21,044 DEBUG 运营大脑 发送请求:<Response [200]> demo3.py test_scfk
2023-03-10 11:14:06,415 DEBUG 运营大脑 发送请求:<Response [200]> denglu.py test_dlxt
2023-03-10 11:14:06,636 DEBUG 运营大脑 发送请求:<Response [200]> demo3.py test_kp
2023-03-10 11:14:06,854 DEBUG 运营大脑 发送请求:<Response [200]> demo3.py test_xgkp
2023-03-10 11:14:07,056 DEBUG 运营大脑 发送请求:<Response [200]> demo3.py test_scfp
2023-03-10 11:14:07,277 DEBUG 运营大脑 发送请求:<Response [200]> demo3.py test_fk
2023-03-10 11:14:07,474 DEBUG 运营大脑 发送请求:<Response [200]> demo3.py test_xgfk
2023-03-10 11:14:07,630 DEBUG 运营大脑 发送请求:<Response [200]> demo3.py test_scfk
2023-03-10 11:17:14,054 DEBUG 运营大脑 发送请求:<Response [200]> denglu.py test_dlxt
2023-03-10 11:17:14,261 DEBUG 运营大脑 发送请求:<Response [200]> demo3.py test_kp
2023-03-10 11:17:14,422 DEBUG 运营大脑 发送请求:<Response [200]> demo3.py test_fk
2023-03-10 11:17:14,609 DEBUG 运营大脑 发送请求:<Response [200]> demo3.py test_xgfk
2023-03-10 11:17:14,754 DEBUG 运营大脑 发送请求:<Response [200]> demo3.py test_scfk
2023-03-10 11:19:05,684 DEBUG 运营大脑 发送请求:<Response [200]> denglu.py test_dlxt
2023-03-10 11:19:05,876 DEBUG 运营大脑 发送请求:<Response [200]> demo3.py test_kp
2023-03-10 11:19:06,082 DEBUG 运营大脑 发送请求:<Response [200]> demo3.py test_xgkp
2023-03-10 11:19:06,279 DEBUG 运营大脑 发送请求:<Response [200]> demo3.py test_scfp
2023-03-10 11:19:06,487 DEBUG 运营大脑 发送请求:<Response [200]> demo3.py test_fk
2023-03-10 11:19:06,682 DEBUG 运营大脑 发送请求:<Response [200]> demo3.py test_xgfk
2023-03-10 11:19:06,822 DEBUG 运营大脑 发送请求:<Response [200]> demo3.py test_scfk
2023-03-10 11:21:13,173 DEBUG 运营大脑 发送请求:<Response [200]> denglu.py test_dlxt
2023-03-10 11:21:13,340 DEBUG 运营大脑 发送请求:<Response [200]> demo3.py test_kp
2023-03-10 11:21:13,556 DEBUG 运营大脑 发送请求:<Response [200]> demo3.py test_xgkp
2023-03-10 11:21:13,757 DEBUG 运营大脑 发送请求:<Response [200]> demo3.py test_scfp
2023-03-10 11:21:13,964 DEBUG 运营大脑 发送请求:<Response [200]> demo3.py test_fk
2023-03-10 11:21:14,169 DEBUG 运营大脑 发送请求:<Response [200]> demo3.py test_xgfk
2023-03-10 11:21:14,317 DEBUG 运营大脑 发送请求:<Response [200]> demo3.py test_scfk
2023-03-10 11:25:27,960 DEBUG 运营大脑 发送请求:<Response [200]> denglu.py test_dlxt
2023-03-10 11:25:28,129 DEBUG 运营大脑 发送请求:<Response [200]> demo3.py test_kp
2023-03-10 11:25:28,343 DEBUG 运营大脑 发送请求:<Response [200]> demo3.py test_xgkp
2023-03-10 11:25:28,578 DEBUG 运营大脑 发送请求:<Response [200]> demo3.py test_scfp
2023-03-10 11:25:28,779 DEBUG 运营大脑 发送请求:<Response [200]> demo3.py test_fk
2023-03-10 11:25:29,000 DEBUG 运营大脑 发送请求:<Response [200]> demo3.py test_xgfk
2023-03-10 11:25:29,139 DEBUG 运营大脑 发送请求:<Response [200]> demo3.py test_scfk
2023-03-10 11:33:09,328 DEBUG 运营大脑 发送请求:<Response [200]> denglu.py test_dlxt
2023-03-10 11:33:09,585 DEBUG 运营大脑 发送请求:<Response [200]> demo3.py test_kp
2023-03-10 11:33:09,788 DEBUG 运营大脑 发送请求:<Response [200]> demo3.py test_xgkp
2023-03-10 11:33:09,979 DEBUG 运营大脑 发送请求:<Response [200]> demo3.py test_scfp
2023-03-10 11:33:10,188 DEBUG 运营大脑 发送请求:<Response [200]> demo3.py test_fk
2023-03-10 11:33:10,415 DEBUG 运营大脑 发送请求:<Response [200]> demo3.py test_xgfk
2023-03-10 11:33:10,573 DEBUG 运营大脑 发送请求:<Response [200]> demo3.py test_scfk
2023-03-10 12:00:18,141 DEBUG 运营大脑 发送请求:<Response [200]> denglu.py test_dlxt
2023-03-10 12:00:49,954 DEBUG 运营大脑 发送请求:<Response [200]> test_yfhz_jk.py test_sqkp
2023-03-10 12:00:50,185 DEBUG 运营大脑 发送请求:<Response [200]> test_yfhz_jk.py test_xgkp
2023-03-10 12:00:50,399 DEBUG 运营大脑 发送请求:<Response [200]> test_yfhz_jk.py test_scfp
2023-03-10 12:00:50,666 DEBUG 运营大脑 发送请求:<Response [200]> test_yfhz_jk.py test_fk
2023-03-10 12:00:50,873 DEBUG 运营大脑 发送请求:<Response [200]> test_yfhz_jk.py test_xgfk
2023-03-10 12:00:51,027 DEBUG 运营大脑 发送请求:<Response [200]> test_yfhz_jk.py test_scfk
2023-03-10 12:00:51,234 DEBUG 运营大脑 发送请求:<Response [200]> test_yfhz_jk.py test_zk
2023-03-10 12:00:51,420 DEBUG 运营大脑 发送请求:<Response [200]> test_yfhz_jk.py test_xgzk
2023-03-10 12:00:51,585 DEBUG 运营大脑 发送请求:<Response [200]> test_yfhz_jk.py test_sczk
2023-03-10 12:00:51,861 DEBUG 运营大脑 发送请求:<Response [200]> test_yfhz_jk.py test_zz
2023-03-10 12:00:52,092 DEBUG 运营大脑 发送请求:<Response [200]> test_yfhz_jk.py test_xgzz
2023-03-10 12:00:52,292 DEBUG 运营大脑 发送请求:<Response [200]> test_yfhz_jk.py test_sczz
2023-03-10 12:00:52,580 DEBUG 运营大脑 发送请求:<Response [200]> test_yfhz_jk.py test_ws
2023-03-10 12:00:52,756 DEBUG 运营大脑 发送请求:<Response [200]> test_yfhz_jk.py test_xgws
2023-03-10 12:00:52,926 DEBUG 运营大脑 发送请求:<Response [200]> test_yfhz_jk.py test_scws
2023-03-10 12:00:53,172 DEBUG 运营大脑 发送请求:<Response [200]> test_yfhz_jk.py test_yfk
2023-03-10 12:56:22,056 DEBUG 运营大脑 发送请求:<Response [200]> denglu.py test_dlxt
2023-03-10 12:56:22,258 DEBUG 运营大脑 发送请求:<Response [200]> demo3.py test_kp
2023-03-10 12:56:22,496 DEBUG 运营大脑 发送请求:<Response [200]> demo3.py test_xgkp
2023-03-10 12:56:22,717 DEBUG 运营大脑 发送请求:<Response [200]> demo3.py test_scfp
2023-03-10 12:56:22,910 DEBUG 运营大脑 发送请求:<Response [200]> demo3.py test_fk
2023-03-10 12:56:23,114 DEBUG 运营大脑 发送请求:<Response [200]> demo3.py test_xgfk
2023-03-10 12:56:23,263 DEBUG 运营大脑 发送请求:<Response [200]> demo3.py test_scfk
2023-03-10 13:07:53,766 DEBUG 运营大脑 发送请求:<Response [200]> denglu.py test_dlxt
2023-03-10 13:07:54,015 DEBUG 运营大脑 发送请求:<Response [200]> demo3.py test_kp
2023-03-10 13:07:54,310 DEBUG 运营大脑 发送请求:<Response [200]> demo3.py test_xgkp
2023-03-10 13:07:54,658 DEBUG 运营大脑 发送请求:<Response [200]> demo3.py test_scfp
2023-03-10 13:07:55,058 DEBUG 运营大脑 发送请求:<Response [200]> demo3.py test_fk
2023-03-10 13:07:55,348 DEBUG 运营大脑 发送请求:<Response [200]> demo3.py test_xgfk
2023-03-10 13:07:55,582 DEBUG 运营大脑 发送请求:<Response [200]> demo3.py test_scfk
2023-03-10 13:11:36,445 DEBUG 运营大脑 发送请求:<Response [200]> denglu.py test_dlxt
2023-03-10 13:11:36,685 DEBUG 运营大脑 发送请求:<Response [200]> demo3.py test_kp
2023-03-10 13:11:36,901 DEBUG 运营大脑 发送请求:<Response [200]> demo3.py test_xgkp
2023-03-10 13:11:37,122 DEBUG 运营大脑 发送请求:<Response [200]> demo3.py test_scfp
2023-03-10 13:11:37,447 DEBUG 运营大脑 发送请求:<Response [200]> demo3.py test_fk
2023-03-10 13:11:37,686 DEBUG 运营大脑 发送请求:<Response [200]> demo3.py test_xgfk
2023-03-10 13:11:37,858 DEBUG 运营大脑 发送请求:<Response [200]> demo3.py test_scfk
2023-03-10 13:13:34,837 DEBUG 运营大脑 发送请求:<Response [200]> denglu.py test_dlxt
2023-03-10 13:13:35,097 DEBUG 运营大脑 发送请求:<Response [200]> demo3.py test_kp
2023-03-10 13:13:35,371 DEBUG 运营大脑 发送请求:<Response [200]> demo3.py test_xgkp
2023-03-10 13:13:35,587 DEBUG 运营大脑 发送请求:<Response [200]> demo3.py test_scfp
2023-03-10 13:13:35,973 DEBUG 运营大脑 发送请求:<Response [200]> demo3.py test_fk
2023-03-10 13:13:36,272 DEBUG 运营大脑 发送请求:<Response [200]> demo3.py test_xgfk
2023-03-10 13:13:36,470 DEBUG 运营大脑 发送请求:<Response [200]> demo3.py test_scfk
2023-03-10 13:15:03,800 DEBUG 运营大脑 发送请求:<Response [200]> denglu.py test_dlxt
2023-03-10 13:15:04,032 DEBUG 运营大脑 发送请求:<Response [200]> demo3.py test_kp
2023-03-10 13:15:04,265 DEBUG 运营大脑 发送请求:<Response [200]> demo3.py test_xgkp
2023-03-10 13:15:04,491 DEBUG 运营大脑 发送请求:<Response [200]> demo3.py test_scfp
2023-03-10 13:15:04,803 DEBUG 运营大脑 发送请求:<Response [200]> demo3.py test_fk
2023-03-10 13:15:05,068 DEBUG 运营大脑 发送请求:<Response [200]> demo3.py test_xgfk
2023-03-10 13:15:05,274 DEBUG 运营大脑 发送请求:<Response [200]> demo3.py test_scfk
2023-03-10 13:16:38,782 DEBUG 运营大脑 发送请求:<Response [200]> denglu.py test_dlxt
2023-03-10 13:16:39,041 DEBUG 运营大脑 发送请求:<Response [200]> demo3.py test_kp
2023-03-10 13:16:39,295 DEBUG 运营大脑 发送请求:<Response [200]> demo3.py test_xgkp
2023-03-10 13:16:39,514 DEBUG 运营大脑 发送请求:<Response [200]> demo3.py test_scfp
2023-03-10 13:16:39,882 DEBUG 运营大脑 发送请求:<Response [200]> demo3.py test_fk
2023-03-10 13:16:40,116 DEBUG 运营大脑 发送请求:<Response [200]> demo3.py test_xgfk
2023-03-10 13:16:40,321 DEBUG 运营大脑 发送请求:<Response [200]> demo3.py test_scfk
2023-03-10 13:17:51,266 DEBUG 运营大脑 发送请求:<Response [200]> denglu.py test_dlxt
2023-03-10 13:17:51,453 DEBUG 运营大脑 发送请求:<Response [200]> demo3.py test_kp
2023-03-10 13:17:51,717 DEBUG 运营大脑 发送请求:<Response [200]> demo3.py test_xgkp
2023-03-10 13:17:51,915 DEBUG 运营大脑 发送请求:<Response [200]> demo3.py test_scfp
2023-03-10 13:17:52,130 DEBUG 运营大脑 发送请求:<Response [200]> demo3.py test_fk
2023-03-10 13:17:52,350 DEBUG 运营大脑 发送请求:<Response [200]> demo3.py test_xgfk
2023-03-10 13:17:52,507 DEBUG 运营大脑 发送请求:<Response [200]> demo3.py test_scfk
2023-03-10 14:35:40,321 DEBUG 运营大脑 发送请求:<Response [200]> denglu.py test_dlxt
2023-03-10 14:35:40,543 DEBUG 运营大脑 发送请求:<Response [200]> test_yfhz_jk.py test_plkp
2023-03-10 14:35:40,829 DEBUG 运营大脑 发送请求:<Response [200]> test_yfhz_jk.py test_xgplkp
2023-03-10 14:35:40,968 DEBUG 运营大脑 发送请求:<Response [200]> test_yfhz_jk.py test_scplkp
2023-03-10 14:35:41,146 DEBUG 运营大脑 发送请求:<Response [200]> test_yfhz_jk.py test_sqkp
2023-03-10 14:35:41,370 DEBUG 运营大脑 发送请求:<Response [200]> test_yfhz_jk.py test_xgkp
2023-03-10 14:35:41,552 DEBUG 运营大脑 发送请求:<Response [200]> test_yfhz_jk.py test_scfp
2023-03-10 14:35:41,799 DEBUG 运营大脑 发送请求:<Response [200]> test_yfhz_jk.py test_plfk
2023-03-10 14:35:41,905 DEBUG 运营大脑 发送请求:<Response [200]> test_yfhz_jk.py test_xgplfk
2023-03-10 14:35:42,269 DEBUG 运营大脑 发送请求:<Response [200]> test_yfhz_jk.py test_scplfk
2023-03-10 14:35:42,460 DEBUG 运营大脑 发送请求:<Response [200]> test_yfhz_jk.py test_fk
2023-03-10 14:35:42,667 DEBUG 运营大脑 发送请求:<Response [200]> test_yfhz_jk.py test_xgfk
2023-03-10 14:35:42,825 DEBUG 运营大脑 发送请求:<Response [200]> test_yfhz_jk.py test_scfk
2023-03-10 14:35:43,010 DEBUG 运营大脑 发送请求:<Response [200]> test_yfhz_jk.py test_zk
2023-03-10 14:35:43,168 DEBUG 运营大脑 发送请求:<Response [200]> test_yfhz_jk.py test_xgzk
2023-03-10 14:35:43,307 DEBUG 运营大脑 发送请求:<Response [200]> test_yfhz_jk.py test_sczk
2023-03-10 14:35:43,519 DEBUG 运营大脑 发送请求:<Response [200]> test_yfhz_jk.py test_zz
2023-03-10 14:35:43,691 DEBUG 运营大脑 发送请求:<Response [200]> test_yfhz_jk.py test_xgzz
2023-03-10 14:35:43,856 DEBUG 运营大脑 发送请求:<Response [200]> test_yfhz_jk.py test_sczz
2023-03-10 14:35:44,025 DEBUG 运营大脑 发送请求:<Response [200]> test_yfhz_jk.py test_ws
2023-03-10 14:35:44,184 DEBUG 运营大脑 发送请求:<Response [200]> test_yfhz_jk.py test_xgws
2023-03-10 14:35:44,334 DEBUG 运营大脑 发送请求:<Response [200]> test_yfhz_jk.py test_scws
2023-03-10 14:35:44,474 DEBUG 运营大脑 发送请求:<Response [200]> test_yfhz_jk.py test_yfk
2023-03-10 14:37:42,799 DEBUG 运营大脑 发送请求:<Response [200]> denglu.py test_dlxt
2023-03-10 14:37:43,115 DEBUG 运营大脑 发送请求:<Response [200]> test_yfhz_jk.py test_plkp
2023-03-10 14:37:43,394 DEBUG 运营大脑 发送请求:<Response [200]> test_yfhz_jk.py test_xgplkp
2023-03-10 14:37:43,551 DEBUG 运营大脑 发送请求:<Response [200]> test_yfhz_jk.py test_scplkp
2023-03-10 14:37:43,755 DEBUG 运营大脑 发送请求:<Response [200]> test_yfhz_jk.py test_sqkp
2023-03-10 14:37:43,960 DEBUG 运营大脑 发送请求:<Response [200]> test_yfhz_jk.py test_xgkp
2023-03-10 14:37:44,148 DEBUG 运营大脑 发送请求:<Response [200]> test_yfhz_jk.py test_scfp
2023-03-10 14:37:44,394 DEBUG 运营大脑 发送请求:<Response [200]> test_yfhz_jk.py test_plfk
2023-03-10 14:37:44,657 DEBUG 运营大脑 发送请求:<Response [200]> test_yfhz_jk.py test_xgplfk
2023-03-10 14:37:44,802 DEBUG 运营大脑 发送请求:<Response [200]> test_yfhz_jk.py test_scplfk
2023-03-10 14:37:44,981 DEBUG 运营大脑 发送请求:<Response [200]> test_yfhz_jk.py test_fk
2023-03-10 14:37:45,217 DEBUG 运营大脑 发送请求:<Response [200]> test_yfhz_jk.py test_xgfk
2023-03-10 14:37:45,366 DEBUG 运营大脑 发送请求:<Response [200]> test_yfhz_jk.py test_scfk
2023-03-10 14:37:45,591 DEBUG 运营大脑 发送请求:<Response [200]> test_yfhz_jk.py test_zk
2023-03-10 14:37:45,764 DEBUG 运营大脑 发送请求:<Response [200]> test_yfhz_jk.py test_xgzk
2023-03-10 14:37:45,918 DEBUG 运营大脑 发送请求:<Response [200]> test_yfhz_jk.py test_sczk
2023-03-10 14:37:46,112 DEBUG 运营大脑 发送请求:<Response [200]> test_yfhz_jk.py test_zz
2023-03-10 14:37:46,308 DEBUG 运营大脑 发送请求:<Response [200]> test_yfhz_jk.py test_xgzz
2023-03-10 14:37:46,477 DEBUG 运营大脑 发送请求:<Response [200]> test_yfhz_jk.py test_sczz
2023-03-10 14:37:46,647 DEBUG 运营大脑 发送请求:<Response [200]> test_yfhz_jk.py test_ws
2023-03-10 14:37:46,807 DEBUG 运营大脑 发送请求:<Response [200]> test_yfhz_jk.py test_xgws
2023-03-10 14:37:46,975 DEBUG 运营大脑 发送请求:<Response [200]> test_yfhz_jk.py test_scws
2023-03-10 14:37:47,111 DEBUG 运营大脑 发送请求:<Response [200]> test_yfhz_jk.py test_yfk
2023-03-10 14:46:09,847 DEBUG 运营大脑 发送请求:<Response [200]> denglu.py test_dlxt
2023-03-10 14:46:10,019 DEBUG 运营大脑 发送请求:<Response [200]> demo3.py test_zk
2023-03-10 14:46:10,205 DEBUG 运营大脑 发送请求:<Response [200]> demo3.py test_xgzk
2023-03-10 14:46:10,352 DEBUG 运营大脑 发送请求:<Response [200]> demo3.py test_sczk
2023-03-10 15:31:42,875 DEBUG 运营大脑 发送请求:<Response [200]> denglu.py test_dlxt
2023-03-10 15:31:43,121 DEBUG 运营大脑 发送请求:<Response [200]> test_yfhz_jk.py test_plkp
2023-03-10 15:31:43,395 DEBUG 运营大脑 发送请求:<Response [200]> test_yfhz_jk.py test_xgplkp
2023-03-10 15:31:43,557 DEBUG 运营大脑 发送请求:<Response [200]> test_yfhz_jk.py test_scplkp
2023-03-10 15:31:43,778 DEBUG 运营大脑 发送请求:<Response [200]> test_yfhz_jk.py test_sqkp
2023-03-10 15:31:43,989 DEBUG 运营大脑 发送请求:<Response [200]> test_yfhz_jk.py test_xgkp
2023-03-10 15:31:44,183 DEBUG 运营大脑 发送请求:<Response [200]> test_yfhz_jk.py test_scfp
2023-03-10 15:31:44,433 DEBUG 运营大脑 发送请求:<Response [200]> test_yfhz_jk.py test_plfk
2023-03-10 15:31:44,706 DEBUG 运营大脑 发送请求:<Response [200]> test_yfhz_jk.py test_xgplfk
2023-03-10 15:31:44,894 DEBUG 运营大脑 发送请求:<Response [200]> test_yfhz_jk.py test_scplfk
2023-03-10 15:31:45,110 DEBUG 运营大脑 发送请求:<Response [200]> test_yfhz_jk.py test_fk
2023-03-10 15:31:45,303 DEBUG 运营大脑 发送请求:<Response [200]> test_yfhz_jk.py test_xgfk
2023-03-10 15:31:45,458 DEBUG 运营大脑 发送请求:<Response [200]> test_yfhz_jk.py test_scfk
2023-03-10 15:31:45,696 DEBUG 运营大脑 发送请求:<Response [200]> test_yfhz_jk.py test_zk
2023-03-10 15:31:45,866 DEBUG 运营大脑 发送请求:<Response [200]> test_yfhz_jk.py test_xgzk
2023-03-10 15:31:46,020 DEBUG 运营大脑 发送请求:<Response [200]> test_yfhz_jk.py test_sczk
2023-03-10 15:31:46,228 DEBUG 运营大脑 发送请求:<Response [200]> test_yfhz_jk.py test_zz
2023-03-10 15:31:46,409 DEBUG 运营大脑 发送请求:<Response [200]> test_yfhz_jk.py test_xgzz
2023-03-10 15:31:46,568 DEBUG 运营大脑 发送请求:<Response [200]> test_yfhz_jk.py test_sczz
2023-03-10 15:31:46,775 DEBUG 运营大脑 发送请求:<Response [200]> test_yfhz_jk.py test_ws
2023-03-10 15:31:46,942 DEBUG 运营大脑 发送请求:<Response [200]> test_yfhz_jk.py test_xgws
2023-03-10 15:31:47,104 DEBUG 运营大脑 发送请求:<Response [200]> test_yfhz_jk.py test_scws
2023-03-10 15:31:47,262 DEBUG 运营大脑 发送请求:<Response [200]> test_yfhz_jk.py test_yfk
